<?xml version="1.0" encoding="UTF-8"?>
<!-- Generated by org.testng.reporters.JUnitReportReporter -->
<testsuite hostname="HYDHTC125451LT" failures="0" tests="1" name="com.selenium.WindowHandels" time="49.012" errors="0" timestamp="2025-06-23T17:20:20 IST" skipped="0">
  <testcase classname="com.selenium.WindowHandels" name="getTextFromChildWindow" time="49.012"/>
</testsuite> <!-- com.selenium.WindowHandels -->
