<?xml version="1.0" encoding="UTF-8"?>
<!-- Generated by org.testng.reporters.JUnitReportReporter -->
<testsuite hostname="HYDHTC125451LT" failures="0" tests="1" name="Demo.TestNG_Demo" time="30.018" errors="0" timestamp="2025-07-16T16:18:56 IST" skipped="0">
  <testcase classname="Demo.TestNG_Demo" name="f" time="30.018"/>
</testsuite> <!-- Demo.TestNG_Demo -->
