<?xml version="1.0" encoding="UTF-8"?>
<!-- Generated by org.testng.reporters.JUnitReportReporter -->
<testsuite hostname="HYDHTC125451LT" failures="0" tests="1" name="cucumber.TestNgRunner" time="24.410" errors="0" timestamp="2024-12-18T14:18:32 IST" skipped="0">
  <testcase classname="cucumber.TestNgRunner" name="runScenario" time="24.410"/>
</testsuite> <!-- cucumber.TestNgRunner -->
