<?xml version="1.0" encoding="UTF-8"?>
<!-- Generated by org.testng.reporters.JUnitReportReporter -->
<testsuite hostname="HYDHTC125451LT" failures="0" tests="2" name="TestCases.Demo1" time="0.015" errors="0" timestamp="2025-03-10T10:29:25 IST" skipped="0">
  <testcase classname="TestCases.Demo1" name="Demo" time="0.013"/>
  <testcase classname="TestCases.Demo1" name="DemoTwo" time="0.002"/>
</testsuite> <!-- TestCases.Demo1 -->
