<?xml version="1.0" encoding="UTF-8"?>
<!-- Generated by org.testng.reporters.JUnitReportReporter -->
<testsuite hostname="HYDHTC125451LT" failures="0" tests="1" name="TestCases.DataProvider" time="0.007" errors="0" timestamp="2024-11-13T13:13:20 IST" skipped="0">
  <testcase classname="TestCases.DataProvider" name="collectData" time="0.007"/>
</testsuite> <!-- TestCases.DataProvider -->
