<?xml version="1.0" encoding="UTF-8"?>
<!-- Generated by org.testng.reporters.JUnitReportReporter -->
<testsuite hostname="HYDHTC125451LT" failures="0" tests="3" name="TestCases.CarLoan" time="0.024" errors="0" timestamp="2024-11-13T14:23:38 IST" skipped="0">
  <testcase classname="TestCases.CarLoan" name="MobileLoginCar" time="0.002"/>
  <testcase classname="TestCases.CarLoan" name="webLoginCar" time="0.003"/>
  <testcase classname="TestCases.CarLoan" name="APILoginCar" time="0.019"/>
</testsuite> <!-- TestCases.CarLoan -->
