<?xml version="1.0" encoding="UTF-8"?>
<!-- Generated by org.testng.reporters.JUnitReportReporter -->
<testsuite hostname="HYDHTC125451LT" failures="0" tests="1" name="CucumberE2EProject.CucumberProject.runner.TestRunner" time="22.920" errors="0" timestamp="2025-02-20T10:00:51 IST" skipped="0">
  <testcase classname="CucumberE2EProject.CucumberProject.runner.TestRunner" name="runScenario" time="22.920"/>
</testsuite> <!-- CucumberE2EProject.CucumberProject.runner.TestRunner -->
