<?xml version="1.0" encoding="UTF-8"?>
<!-- Generated by org.testng.reporters.JUnitReportReporter -->
<testsuite hostname="HYDHTC125451LT" failures="0" tests="1" name="com.GridDemoClass" time="27.951" errors="0" timestamp="2024-12-31T11:59:28 IST" skipped="0">
  <testcase classname="com.GridDemoClass" name="HomePageCheck" time="27.951"/>
</testsuite> <!-- com.GridDemoClass -->
