<?xml version="1.0" encoding="UTF-8"?>
<!-- Generated by org.testng.reporters.JUnitReportReporter -->
<testsuite hostname="HYDHTC125451LT" failures="0" tests="1" name="com.GridDemoClassTwo" time="12.015" errors="0" timestamp="2024-12-31T11:59:28 IST" skipped="0">
  <testcase classname="com.GridDemoClassTwo" name="HomePageCheck" time="12.015"/>
</testsuite> <!-- com.GridDemoClassTwo -->
