<?xml version="1.0" encoding="UTF-8"?>
<!-- Generated by org.testng.reporters.JUnitReportReporter -->
<testsuite hostname="HYDHTC125451LT" failures="0" tests="1" name="UIAutomationProject.UIProject.tests.account.RegisterFlowTest" time="28.289" errors="0" timestamp="2025-07-08T14:15:54 IST" skipped="0">
  <testcase classname="UIAutomationProject.UIProject.tests.account.RegisterFlowTest" name="registerUserWithAlreadyRegisteredUser" time="28.289">
    <system-out>
      <![CDATA[Home Page Opened Successfully
Title of the Home Page is: Your Store
User Is Logged In Successfully And on HomePage
Title of the register page is: Register Account
Registration Page Opened
Title of the Register Page is: Register Account]]>
    </system-out>
  </testcase> <!-- registerUserWithAlreadyRegisteredUser -->
  <system-out>
    <![CDATA[Chrome Driver Set Up Completed
Home Page Opened Successfully
Title of the Home Page is: Your Store
User Is Logged In Successfully And on HomePage
Title of the register page is: Register Account
Registration Page Opened
Title of the Register Page is: Register Account
Driver quited]]>
  </system-out>
</testsuite> <!-- UIAutomationProject.UIProject.tests.account.RegisterFlowTest -->
