<?xml version="1.0" encoding="UTF-8"?>
<!-- Generated by org.testng.reporters.JUnitReportReporter -->
<testsuite hostname="HYDHTC125451LT" failures="0" tests="1" name="SeleniumJavaFramework.ExtentReportProject.ExtentReportDemo" time="28.623" errors="0" timestamp="2024-12-02T12:55:14 IST" skipped="0">
  <testcase classname="SeleniumJavaFramework.ExtentReportProject.ExtentReportDemo" name="basicTest" time="28.623"/>
</testsuite> <!-- SeleniumJavaFramework.ExtentReportProject.ExtentReportDemo -->
