<?xml version="1.0" encoding="UTF-8"?>
<!-- Generated by org.testng.reporters.JUnitReportReporter -->
<testsuite hostname="HYDHTC125451LT" failures="0" tests="3" name="TestCases.DataProviderDemo" time="0.010" errors="0" timestamp="2024-11-13T14:23:38 IST" skipped="0">
  <testcase classname="TestCases.DataProviderDemo" name="collectData" time="0.002"/>
  <testcase classname="TestCases.DataProviderDemo" name="collectData" time="0.006"/>
  <testcase classname="TestCases.DataProviderDemo" name="collectData" time="0.002"/>
</testsuite> <!-- TestCases.DataProviderDemo -->
