<?xml version="1.0" encoding="UTF-8"?>
<!-- Generated by org.testng.reporters.JUnitReportReporter -->
<testsuite hostname="HYDHTC125451LT" failures="0" tests="1" name="TestCases.Demo2" time="0.003" errors="0" timestamp="2024-11-13T14:17:23 IST" skipped="0">
  <testcase classname="TestCases.Demo2" name="testCase" time="0.003"/>
</testsuite> <!-- TestCases.Demo2 -->
