<?xml version="1.0" encoding="UTF-8"?>
<!-- Generated by org.testng.reporters.JUnitReportReporter -->
<testsuite hostname="HYDHTC125451LT" failures="0" tests="2" name="TestCases.Demo1" time="0.030" errors="0" timestamp="2024-11-13T14:17:23 IST" skipped="0">
  <testcase classname="TestCases.Demo1" name="Demo" time="0.009"/>
  <testcase classname="TestCases.Demo1" name="DemoTwo" time="0.021"/>
</testsuite> <!-- TestCases.Demo1 -->
