<?xml version="1.0" encoding="UTF-8"?>
<!-- Generated by org.testng.reporters.JUnitReportReporter -->
<testsuite hostname="HYDHTC125451LT" failures="0" tests="1" name="DataDriven.ExcelDataProvider.AppTest" time="1.119" errors="0" timestamp="2024-12-24T18:03:53 IST" skipped="0">
  <testcase classname="DataDriven.ExcelDataProvider.AppTest" name="getData" time="1.119"/>
</testsuite> <!-- DataDriven.ExcelDataProvider.AppTest -->
