<?xml version="1.0" encoding="UTF-8"?>
<!-- Generated by org.testng.reporters.JUnitReportReporter -->
<testsuite hostname="HYDHTC125451LT" failures="0" tests="1" name="DataDriven.ExcelDataProvider.TestDataProvider" time="1.013" errors="0" timestamp="2025-03-11T20:08:29 IST" skipped="0">
  <testcase classname="DataDriven.ExcelDataProvider.TestDataProvider" name="getDataAsMapTwo" time="1.013"/>
</testsuite> <!-- DataDriven.ExcelDataProvider.TestDataProvider -->
