<?xml version="1.0" encoding="UTF-8"?>
<!-- Generated by org.testng.reporters.JUnitReportReporter -->
<testsuite hostname="HYDHTC125451LT" failures="0" tests="3" name="DataDriven.ExcelDataProvider.DataProviderDemo" time="0.012" errors="0" timestamp="2024-12-24T18:11:36 IST" skipped="0">
  <testcase classname="DataDriven.ExcelDataProvider.DataProviderDemo" name="testData" time="0.011"/>
  <testcase classname="DataDriven.ExcelDataProvider.DataProviderDemo" name="testData" time="0.001"/>
  <testcase classname="DataDriven.ExcelDataProvider.DataProviderDemo" name="testData" time="0.000"/>
</testsuite> <!-- DataDriven.ExcelDataProvider.DataProviderDemo -->
