<?xml version="1.0" encoding="UTF-8"?>
<!-- Generated by org.testng.reporters.JUnitReportReporter -->
<testsuite hostname="HYDHTC125451LT" failures="0" tests="1" name="MockAPIProject.APIProject.WireMockTestNGExample" time="0.570" errors="0" timestamp="2025-03-15T13:00:57 IST" skipped="0">
  <testcase classname="MockAPIProject.APIProject.WireMockTestNGExample" name="mockTestAPI" time="0.570"/>
</testsuite> <!-- MockAPIProject.APIProject.WireMockTestNGExample -->
