<?xml version="1.0" encoding="UTF-8"?>
<!-- Generated by org.testng.reporters.JUnitReportReporter -->
<testsuite hostname="HYDHTC125451LT" failures="0" tests="1" name="MockAPIProject.APIProject.WireMockDemoWithPostAndGet" time="0.036" errors="0" timestamp="2025-08-04T10:02:35 IST" skipped="0">
  <testcase classname="MockAPIProject.APIProject.WireMockDemoWithPostAndGet" name="TestResponse" time="0.036"/>
</testsuite> <!-- MockAPIProject.APIProject.WireMockDemoWithPostAndGet -->
