<?xml version="1.0" encoding="UTF-8"?>
<!-- Generated by org.testng.reporters.JUnitReportReporter -->
<testsuite hostname="HYDHTC125451LT" failures="0" tests="1" name="CucumberE2EProject.CucumberProject.LoginPageE2E" time="10.011" errors="0" timestamp="2025-02-20T17:11:28 IST" skipped="0">
  <testcase classname="CucumberE2EProject.CucumberProject.LoginPageE2E" name="login" time="10.011"/>
</testsuite> <!-- CucumberE2EProject.CucumberProject.LoginPageE2E -->
