<?xml version="1.0" encoding="UTF-8"?>
<!-- Generated by org.testng.reporters.JUnitReportReporter -->
<testsuite hostname="HYDHTC125451LT" failures="0" tests="1" name="CucumberE2EProject.CucumberProject.LoginPage" time="14.440" errors="0" timestamp="2025-02-02T13:15:43 IST" skipped="0">
  <testcase classname="CucumberE2EProject.CucumberProject.LoginPage" name="login" time="14.440"/>
</testsuite> <!-- CucumberE2EProject.CucumberProject.LoginPage -->
