<?xml version="1.0" encoding="UTF-8"?>
<!-- Generated by org.testng.reporters.JUnitReportReporter -->
<testsuite hostname="HYDHTC125451LT" failures="0" tests="4" name="DemoSeleniumFramework.PracticeProject.tests.StandAloneWebUsingFramework" time="137.948" errors="0" timestamp="2024-12-04T14:29:49 IST" skipped="0">
  <testcase classname="DemoSeleniumFramework.PracticeProject.tests.StandAloneWebUsingFramework" name="checkOrderPage" time="24.308"/>
  <testcase classname="DemoSeleniumFramework.PracticeProject.tests.StandAloneWebUsingFramework" name="checkOrderPage" time="25.778"/>
  <testcase classname="DemoSeleniumFramework.PracticeProject.tests.StandAloneWebUsingFramework" name="startApplication" time="43.361"/>
  <testcase classname="DemoSeleniumFramework.PracticeProject.tests.StandAloneWebUsingFramework" name="startApplication" time="44.501"/>
</testsuite> <!-- DemoSeleniumFramework.PracticeProject.tests.StandAloneWebUsingFramework -->
