<?xml version="1.0" encoding="UTF-8"?>
<!-- Generated by org.testng.reporters.JUnitReportReporter -->
<testsuite hostname="HYDHTC125451LT" failures="0" tests="6" name="Features.CDP.BrowserNewFeatures" time="78.624" errors="0" timestamp="2025-02-11T17:11:43 IST" skipped="0">
  <testcase classname="Features.CDP.BrowserNewFeatures" name="executeTest" time="12.174"/>
  <testcase classname="Features.CDP.BrowserNewFeatures" name="executeTest" time="13.304"/>
  <testcase classname="Features.CDP.BrowserNewFeatures" name="executeTest" time="15.482"/>
  <testcase classname="Features.CDP.BrowserNewFeatures" name="executeTest" time="10.839"/>
  <testcase classname="Features.CDP.BrowserNewFeatures" name="executeTest" time="13.352"/>
  <testcase classname="Features.CDP.BrowserNewFeatures" name="executeTest" time="13.473"/>
</testsuite> <!-- Features.CDP.BrowserNewFeatures -->
