<?xml version="1.0" encoding="UTF-8"?>
<!-- Generated by org.testng.reporters.JUnitReportReporter -->
<testsuite hostname="HYDHTC125451LT" failures="0" tests="1" name="com.StreamTest" time="0.012" errors="0" timestamp="2024-11-13T13:01:36 IST" skipped="0">
  <testcase classname="com.StreamTest" name="uniqueCase" time="0.012"/>
</testsuite> <!-- com.StreamTest -->
