<?xml version="1.0" encoding="UTF-8"?>
<!-- Generated by org.testng.reporters.JUnitReportReporter -->
<testsuite hostname="HYDHTC125451LT" failures="0" tests="1" name="cucumber.TestNgRunner" time="44.159" errors="0" timestamp="2025-02-02T16:11:41 IST" skipped="0">
  <testcase classname="cucumber.TestNgRunner" name="runScenario" time="44.159"/>
</testsuite> <!-- cucumber.TestNgRunner -->
