<?xml version="1.0" encoding="UTF-8"?>
<!-- Generated by org.testng.reporters.JUnitReportReporter -->
<testsuite hostname="HYDHTC125451LT" failures="0" tests="4" name="SeleniumJavaFramework.tests.StandaloneUsingFramework" time="114.221" errors="0" timestamp="2024-12-02T16:42:36 IST" skipped="0">
  <testcase classname="SeleniumJavaFramework.tests.StandaloneUsingFramework" name="submitOrder" time="35.152"/>
  <testcase classname="SeleniumJavaFramework.tests.StandaloneUsingFramework" name="OrderHistoryTest" time="19.435"/>
  <testcase classname="SeleniumJavaFramework.tests.StandaloneUsingFramework" name="submitOrder" time="35.521"/>
  <testcase classname="SeleniumJavaFramework.tests.StandaloneUsingFramework" name="OrderHistoryTest" time="24.113"/>
</testsuite> <!-- SeleniumJavaFramework.tests.StandaloneUsingFramework -->
