<?xml version="1.0" encoding="UTF-8"?>
<!-- Generated by org.testng.reporters.JUnitReportReporter -->
<testsuite hostname="HYDHTC125451LT" failures="0" tests="2" name="com.CookieDemoExampleAdd" time="23.127" errors="0" timestamp="2024-12-31T12:51:24 IST" skipped="0">
  <testcase classname="com.CookieDemoExampleAdd" name="getCookieByName" time="10.041"/>
  <testcase classname="com.CookieDemoExampleAdd" name="addCookie" time="13.086"/>
</testsuite> <!-- com.CookieDemoExampleAdd -->
