<?xml version="1.0" encoding="UTF-8"?>
<!-- Generated by org.testng.reporters.JUnitReportReporter -->
<testsuite hostname="HYDHTC125451LT" failures="0" tests="2" name="com.getCookieFromFile.CookieFromFile" time="11.638" errors="0" timestamp="2024-12-31T13:12:55 IST" skipped="0">
  <testcase classname="com.getCookieFromFile.CookieFromFile" name="loadValuesFromFile" time="11.583"/>
  <testcase classname="com.getCookieFromFile.CookieFromFile" name="getCookies" time="0.055"/>
</testsuite> <!-- com.getCookieFromFile.CookieFromFile -->
