<?xml version="1.0" encoding="UTF-8"?>
<!-- Generated by org.testng.reporters.JUnitReportReporter -->
<testsuite hostname="HYDHTC125451LT" failures="0" tests="3" name="com.CookieDemoExample" time="54.128" errors="0" timestamp="2024-12-31T12:32:03 IST" skipped="0">
  <testcase classname="com.CookieDemoExample" name="getCookieByName" time="16.779"/>
  <testcase classname="com.CookieDemoExample" name="getCookies" time="16.822"/>
  <testcase classname="com.CookieDemoExample" name="addCookie" time="20.527"/>
</testsuite> <!-- com.CookieDemoExample -->
